<?xml version="1.0" encoding="UTF-8"?>
<testsuite name="com.boulevardsecurity.securitymanagementapp.SecurityManagementAppApplicationTests" tests="1" skipped="0" failures="0" errors="0" timestamp="2025-08-27T22:30:07" hostname="MBDS" time="0.383">
  <properties/>
  <testcase name="contextLoads()" classname="com.boulevardsecurity.securitymanagementapp.SecurityManagementAppApplicationTests" time="0.383"/>
  <system-out><![CDATA[Standard Commons Logging discovery in action with spring-jcl: please remove commons-logging.jar from classpath in order to avoid potential conflicts
00:29:54.868 [Test worker] INFO org.springframework.test.context.support.AnnotationConfigContextLoaderUtils -- Could not detect default configuration classes for test class [com.boulevardsecurity.securitymanagementapp.SecurityManagementAppApplicationTests]: SecurityManagementAppApplicationTests does not declare any static, non-private, non-final, nested classes annotated with @Configuration.
00:29:55.024 [Test worker] INFO org.springframework.boot.test.context.SpringBootTestContextBootstrapper -- Found @SpringBootConfiguration com.boulevardsecurity.securitymanagementapp.SecurityManagementAppApplication for test class com.boulevardsecurity.securitymanagementapp.SecurityManagementAppApplicationTests

  .   ____          _            __ _ _
 /\\ / ___'_ __ _ _(_)_ __  __ _ \ \ \ \
( ( )\___ | '_ | '_| | '_ \/ _` | \ \ \ \
 \\/  ___)| |_)| | | | | || (_| |  ) ) ) )
  '  |____| .__|_| |_|_| |_\__, | / / / /
 =========|_|==============|___/=/_/_/_/

 :: Spring Boot ::                (v3.4.2)

2025-08-28T00:29:55.445+02:00  WARN 4964 --- [    Test worker] ory$DuplicateJsonObjectContextCustomizer : 

Found multiple occurrences of org.json.JSONObject on the class path:

	jar:file:/C:/Users/allay/.gradle/caches/modules-2/files-2.1/org.json/json/20220320/6df2c050972619466f6dcef7654ef9bcc01dfd0/json-20220320.jar!/org/json/JSONObject.class
	jar:file:/C:/Users/allay/.gradle/caches/modules-2/files-2.1/com.vaadin.external.google/android-json/0.0.20131108.vaadin1/fa26d351fe62a6a17f5cda1287c1c6110dec413f/android-json-0.0.20131108.vaadin1.jar!/org/json/JSONObject.class

You may wish to exclude one of them to ensure predictable runtime behavior

2025-08-28T00:29:55.465+02:00  INFO 4964 --- [    Test worker] .s.SecurityManagementAppApplicationTests : Starting SecurityManagementAppApplicationTests using Java 17.0.13 with PID 4964 (started by allay in C:\Users\allay\Documents\java_Project_2025 - Copie (20)\SecurityManagementApp)
2025-08-28T00:29:55.467+02:00  INFO 4964 --- [    Test worker] .s.SecurityManagementAppApplicationTests : No active profile set, falling back to 1 default profile: "default"
2025-08-28T00:29:57.174+02:00  INFO 4964 --- [    Test worker] .s.d.r.c.RepositoryConfigurationDelegate : Bootstrapping Spring Data JPA repositories in DEFAULT mode.
2025-08-28T00:29:57.446+02:00  INFO 4964 --- [    Test worker] .s.d.r.c.RepositoryConfigurationDelegate : Finished Spring Data repository scanning in 261 ms. Found 23 JPA repository interfaces.
2025-08-28T00:29:58.664+02:00  INFO 4964 --- [    Test worker] o.hibernate.jpa.internal.util.LogHelper  : HHH000204: Processing PersistenceUnitInfo [name: default]
2025-08-28T00:29:58.867+02:00  INFO 4964 --- [    Test worker] org.hibernate.Version                    : HHH000412: Hibernate ORM core version 6.6.5.Final
2025-08-28T00:29:58.981+02:00  INFO 4964 --- [    Test worker] o.h.c.internal.RegionFactoryInitiator    : HHH000026: Second-level cache disabled
2025-08-28T00:29:59.284+02:00  INFO 4964 --- [    Test worker] o.s.o.j.p.SpringPersistenceUnitInfo      : No LoadTimeWeaver setup: ignoring JPA class transformer
2025-08-28T00:29:59.309+02:00  INFO 4964 --- [    Test worker] com.zaxxer.hikari.HikariDataSource       : HikariPool-1 - Starting...
2025-08-28T00:29:59.468+02:00  INFO 4964 --- [    Test worker] com.zaxxer.hikari.pool.HikariPool        : HikariPool-1 - Added connection com.mysql.cj.jdbc.ConnectionImpl@1361e880
2025-08-28T00:29:59.470+02:00  INFO 4964 --- [    Test worker] com.zaxxer.hikari.HikariDataSource       : HikariPool-1 - Start completed.
2025-08-28T00:29:59.499+02:00  WARN 4964 --- [    Test worker] org.hibernate.dialect.Dialect            : HHH000511: The 5.7.24 version for [org.hibernate.dialect.MySQLDialect] is no longer supported, hence certain features may not work properly. The minimum supported version is 8.0.0. Check the community dialects project for available legacy versions.
2025-08-28T00:29:59.504+02:00  WARN 4964 --- [    Test worker] org.hibernate.orm.deprecation            : HHH90000025: MySQLDialect does not need to be specified explicitly using 'hibernate.dialect' (remove the property setting and it will be selected by default)
2025-08-28T00:29:59.523+02:00  INFO 4964 --- [    Test worker] org.hibernate.orm.connections.pooling    : HHH10001005: Database info:
	Database JDBC URL [Connecting through datasource 'HikariDataSource (HikariPool-1)']
	Database driver: undefined/unknown
	Database version: 5.7.24
	Autocommit mode: undefined/unknown
	Isolation level: undefined/unknown
	Minimum pool size: undefined/unknown
	Maximum pool size: undefined/unknown
2025-08-28T00:30:01.188+02:00  INFO 4964 --- [    Test worker] o.h.e.t.j.p.i.JtaPlatformInitiator       : HHH000489: No JTA platform available (set 'hibernate.transaction.jta.platform' to enable JTA platform integration)
2025-08-28T00:30:01.440+02:00 DEBUG 4964 --- [    Test worker] org.hibernate.SQL                        : 
    alter table contrats_de_travail 
       modify column periodicite_salaire enum ('HORAIRE','MENSUEL') not null
Hibernate: 
    alter table contrats_de_travail 
       modify column periodicite_salaire enum ('HORAIRE','MENSUEL') not null
2025-08-28T00:30:01.456+02:00 DEBUG 4964 --- [    Test worker] org.hibernate.SQL                        : 
    alter table contrats_de_travail 
       modify column type_contrat enum ('APPRENTISSAGE','CDD','CDI','INTERIM','STAGE') not null
Hibernate: 
    alter table contrats_de_travail 
       modify column type_contrat enum ('APPRENTISSAGE','CDD','CDI','INTERIM','STAGE') not null
2025-08-28T00:30:01.775+02:00  INFO 4964 --- [    Test worker] j.LocalContainerEntityManagerFactoryBean : Initialized JPA EntityManagerFactory for persistence unit 'default'
2025-08-28T00:30:03.088+02:00  INFO 4964 --- [    Test worker] r$InitializeUserDetailsManagerConfigurer : Global AuthenticationManager configured with UserDetailsService bean with name appUserDetailsService
2025-08-28T00:30:03.440+02:00  WARN 4964 --- [    Test worker] ion$DefaultTemplateResolverConfiguration : Cannot find template location: classpath:/templates/ (please add some templates, check your Thymeleaf configuration, or set spring.thymeleaf.check-template-location=false)
2025-08-28T00:30:04.453+02:00  WARN 4964 --- [    Test worker] JpaBaseConfiguration$JpaWebConfiguration : spring.jpa.open-in-view is enabled by default. Therefore, database queries may be performed during view rendering. Explicitly configure spring.jpa.open-in-view to disable this warning
2025-08-28T00:30:06.144+02:00  INFO 4964 --- [    Test worker] o.s.b.a.e.web.EndpointLinksResolver      : Exposing 1 endpoint beneath base path '/actuator'
2025-08-28T00:30:07.390+02:00  INFO 4964 --- [    Test worker] .s.SecurityManagementAppApplicationTests : Started SecurityManagementAppApplicationTests in 12.224 seconds (process running for 13.49)
]]></system-out>
  <system-err><![CDATA[]]></system-err>
</testsuite>
